Synthetic data
[1 0 1 1 1 0 1 1 1 1 0 0 0 1 1 1 0 0 1 1 1 1 0 1 0 0 1 0 1 0 0 0 1 0 0 1 1
 0 1 1 1 0 1 1 0 0 0 1 0 0 1 1 1 0 0 1 0 0 0 0 0 1 0 1 1 1 0 1 1 0 1 1 1 1
 1 0 1 1 0 1 0 0 0 0 1 0 0 0 1 0 1 1 0 1 0 1 0 1 0 0 1 1 0 1 1 1 0 0 0 1 0
 0 0 1 0 1 0 0 0 0 1 0 0 0 0 1 1 0 0 1 1 1 0 1 1 0 1 1 1 1 0 0 0 0 1 0 1 1
 1 1 1 1 0 1 0 1 1 1 1 1 1 1 1 0 1 1 1 0 0 1 1 1 0 0 0 0 1 0 0 0 0 0 1 0 1
 0 0 1 1 0 0 0 1 0 1 1 1 0 0 1 1 0 1 1 0 1 1 0 1 0 0 0 0 0 0 1 0 1 1 1 0 0
 1 1 0 1 0 0 0 0 1 0 1 0 1 1 1 0 0 0 0 1 0 0 1 0 1 0 0 1 1 0 0 1 0 1 1 1 0
 0 0 0 1 1 1 1 0 0 1 1 1 1 0 0 1 1 1 0 1 1 0 1 1 0 0 0 1 0 1 1 0 1 1 1 1 1
 1 0 0 0 0 1 1 0 1 0 1 0 1 0 1 0 1 0 0 0 1 1 0 0 0 0 1 1 0 0 0 0 1 0 1 1 1
 0 1 1 0 1 1 1 1 0 0 1 1 1 0 1 0 0]
perceptron train acc: 0.485714, test acc: 0.526667
[1 0 1 1 1 0 1 1 1 1 0 0 0 1 1 1 0 0 1 1 1 1 0 1 0 0 1 0 1 0 0 0 1 0 0 1 1
 0 1 1 1 0 1 1 0 0 0 1 0 0 1 1 1 0 0 1 0 0 0 0 0 1 0 1 1 1 0 1 1 0 1 1 1 1
 1 0 1 1 0 1 0 0 0 0 1 0 0 0 1 0 1 1 0 1 0 1 0 1 0 0 1 1 0 1 1 1 0 0 0 1 0
 0 0 1 0 1 0 0 0 0 1 0 0 0 0 1 1 0 0 1 1 1 0 1 1 0 1 1 1 1 0 0 0 0 1 0 1 1
 1 1 1 1 0 1 0 1 1 1 1 1 1 1 1 0 1 1 1 0 0 1 1 1 0 0 0 0 1 0 0 0 0 0 1 0 1
 0 0 1 1 0 0 0 1 0 1 1 1 0 0 1 1 0 1 1 0 1 1 0 1 0 0 0 0 0 0 1 0 1 1 1 0 0
 1 1 0 1 0 0 0 0 1 0 1 0 1 1 1 0 0 0 0 1 0 0 1 0 1 0 0 1 1 0 0 1 0 1 1 1 0
 0 0 0 1 1 1 1 0 0 1 1 1 1 0 0 1 1 1 0 1 1 0 1 1 0 0 0 1 0 1 1 0 1 1 1 1 1
 1 0 0 0 0 1 1 0 1 0 1 0 1 0 1 0 1 0 0 0 1 1 0 0 0 0 1 1 0 0 0 0 1 0 1 1 1
 0 1 1 0 1 1 1 1 0 0 1 1 1 0 1 0 0]
logistic train acc: 0.485714, test acc: 0.526667

Two Moon data
[1 0 0 1 0 1 0 1 1 1 0 1 1 1 0 1 1 0 0 1 0 0 1 0 1 0 1 0 1 1 1 0 1 1 1 0 0
 0 1 1 0 0 0 0 0 1 1 1 0 1 1 0 0 1 0 1 1 1 1 0 1 0 1 1 1 1 0 1 1 1 0 1 1 0
 1 0 1 1 1 0 1 1 1 1 0 1 0 1 0 0 0 1 1 0 0 1 0 0 0 0 0 1 1 0 1 1 0 1 0 1 1
 0 0 0 0 0 1 0 1 1 1 0 0 0 1 1 1 1 0 0 1 0 0 0 1 0 1 1 1 1 0 0 1 0 1 1 0 1
 1 0 1 0 0 1 0 0 0 1 1 0 1 0 1 1 0 1 0 0 0 1 1 1 0 0 0 0 0 1 1 1 0 1 1 0 0
 1 0 1 1 1 0 1 1 0 0 0 1 1 0 1 1 0 0 0 1 0 0 1 1 0 1 1 1 1 0 1 0 0 1 0 0 1
 0 1 1 1 0 0 1 0 0 1 0 0 1 0 1 1 0 1 0 1 1 1 0 0 1 1 1 0 1 0 0 1 0 1 0 1 0
 0 1 0 0 1 1 0 1 0 1 0 0 1 1 0 1 0 0 0 0 0 1 1 0 1 0 0 0 0 0 1 1 0 1 0 0 0
 0 1 0 1 0 0 0 0 1 0 1 0 1 0 0 0 1 0 1 1 1 1 0 0 1 0 1 0 1 1 1 1 0 1 0 0 0
 0 0 1 1 0 1 0 0 0 1 0 1 1 0 0 1 0]
perceptron train acc: 0.500000, test acc: 0.500000
[1 0 0 1 0 1 0 1 1 1 0 1 1 1 0 1 1 0 0 1 0 0 1 0 1 0 1 0 1 1 1 0 1 1 1 0 0
 0 1 1 0 0 0 0 0 1 1 1 0 1 1 0 0 1 0 1 1 1 1 0 1 0 1 1 1 1 0 1 1 1 0 1 1 0
 1 0 1 1 1 0 1 1 1 1 0 1 0 1 0 0 0 1 1 0 0 1 0 0 0 0 0 1 1 0 1 1 0 1 0 1 1
 0 0 0 0 0 1 0 1 1 1 0 0 0 1 1 1 1 0 0 1 0 0 0 1 0 1 1 1 1 0 0 1 0 1 1 0 1
 1 0 1 0 0 1 0 0 0 1 1 0 1 0 1 1 0 1 0 0 0 1 1 1 0 0 0 0 0 1 1 1 0 1 1 0 0
 1 0 1 1 1 0 1 1 0 0 0 1 1 0 1 1 0 0 0 1 0 0 1 1 0 1 1 1 1 0 1 0 0 1 0 0 1
 0 1 1 1 0 0 1 0 0 1 0 0 1 0 1 1 0 1 0 1 1 1 0 0 1 1 1 0 1 0 0 1 0 1 0 1 0
 0 1 0 0 1 1 0 1 0 1 0 0 1 1 0 1 0 0 0 0 0 1 1 0 1 0 0 0 0 0 1 1 0 1 0 0 0
 0 1 0 1 0 0 0 0 1 0 1 0 1 0 0 0 1 0 1 1 1 1 0 0 1 0 1 0 1 1 1 1 0 1 0 0 0
 0 0 1 1 0 1 0 0 0 1 0 1 1 0 0 1 0]
logistic train acc: 0.500000, test acc: 0.500000

Binarized MNIST data
[1 1 0 ... 0 1 1]
perceptron train acc: 0.500000, test acc: 0.500000
[1 1 0 ... 0 1 1]
logistic train acc: 0.500000, test acc: 0.500000

